[0m15:23:59.479917 [debug] [MainThread]: Sending event: {'category': 'dbt', 'action': 'invocation', 'label': 'start', 'context': [<snowplow_tracker.self_describing_json.SelfDescribingJson object at 0x7fb7b13f8210>, <snowplow_tracker.self_describing_json.SelfDescribingJson object at 0x7fb7b113fe90>, <snowplow_tracker.self_describing_json.SelfDescribingJson object at 0x7fb7b1164610>]}


============================== 15:23:59.482120 | 85d42a1f-a506-439b-badb-c248fbd0dbe4 ==============================
[0m15:23:59.482120 [info ] [MainThread]: Running with dbt=1.9.2
[0m15:23:59.482543 [debug] [MainThread]: running dbt with arguments {'printer_width': '80', 'indirect_selection': 'eager', 'log_cache_events': 'False', 'write_json': 'True', 'partial_parse': 'True', 'cache_selected_only': 'False', 'profiles_dir': '/home/daniil/.dbt', 'debug': 'False', 'warn_error': 'None', 'log_path': 'logs', 'version_check': 'True', 'fail_fast': 'False', 'use_colors': 'True', 'use_experimental_parser': 'False', 'empty': 'None', 'quiet': 'False', 'no_print': 'None', 'log_format': 'default', 'invocation_command': 'dbt init spanflug_test_project', 'introspect': 'True', 'static_parser': 'True', 'target_path': 'None', 'warn_error_options': 'WarnErrorOptions(include=[], exclude=[])', 'send_anonymous_usage_stats': 'True'}
[0m15:23:59.486876 [warn ] [MainThread]: [ConfigFolderDirectory]: Unable to parse logging event dictionary. Failed to parse dir field: expected string or bytes-like object, got 'PosixPath'.. Dictionary: {'dir': PosixPath('/home/daniil/.dbt')}
[0m15:23:59.487188 [info ] [MainThread]: Creating dbt configuration folder at 
[0m15:23:59.488132 [debug] [MainThread]: Starter project path: /home/daniil/project/spanflug_test_tasks/venv/lib/python3.11/site-packages/dbt/include/starter_project
[0m15:23:59.490206 [info ] [MainThread]: 
Your new dbt project "spanflug_test_project" was created!

For more information on how to configure the profiles.yml file,
please consult the dbt documentation here:

  https://docs.getdbt.com/docs/configure-your-profile

One more thing:

Need help? Don't hesitate to reach out to us via GitHub issues or on Slack:

  https://community.getdbt.com/

Happy modeling!

[0m15:23:59.490762 [info ] [MainThread]: Setting up your profile.
[0m15:25:00.780243 [info ] [MainThread]: Profile spanflug_test_project written to /home/daniil/.dbt/profiles.yml using target's profile_template.yml and your supplied values. Run 'dbt debug' to validate the connection.
[0m15:25:00.781698 [debug] [MainThread]: Resource report: {"command_name": "init", "command_success": true, "command_wall_clock_time": 61.333126, "process_in_blocks": "5744", "process_kernel_time": 0.095713, "process_mem_max_rss": "96660", "process_out_blocks": "80", "process_user_time": 0.77411}
[0m15:25:00.782193 [debug] [MainThread]: Command `dbt init` succeeded at 15:25:00.782083 after 61.33 seconds
[0m15:25:00.782584 [debug] [MainThread]: Sending event: {'category': 'dbt', 'action': 'invocation', 'label': 'end', 'context': [<snowplow_tracker.self_describing_json.SelfDescribingJson object at 0x7fb7b1141110>, <snowplow_tracker.self_describing_json.SelfDescribingJson object at 0x7fb7b4c966d0>, <snowplow_tracker.self_describing_json.SelfDescribingJson object at 0x7fb7b4c96410>]}
[0m15:25:00.782973 [debug] [MainThread]: Flushing usage events
[0m15:25:01.269288 [debug] [MainThread]: An error was encountered while trying to flush usage events
[0m15:25:59.604025 [debug] [MainThread]: Sending event: {'category': 'dbt', 'action': 'invocation', 'label': 'start', 'context': [<snowplow_tracker.self_describing_json.SelfDescribingJson object at 0x7f20761ef110>, <snowplow_tracker.self_describing_json.SelfDescribingJson object at 0x7f20763aeb10>, <snowplow_tracker.self_describing_json.SelfDescribingJson object at 0x7f20768a7f90>]}


============================== 15:25:59.606211 | 2b8f3db5-68f9-4f7f-ada0-bfdbb8d76ed3 ==============================
[0m15:25:59.606211 [info ] [MainThread]: Running with dbt=1.9.2
[0m15:25:59.606617 [debug] [MainThread]: running dbt with arguments {'printer_width': '80', 'indirect_selection': 'eager', 'write_json': 'True', 'log_cache_events': 'False', 'partial_parse': 'True', 'cache_selected_only': 'False', 'warn_error': 'None', 'version_check': 'True', 'debug': 'False', 'log_path': 'logs', 'profiles_dir': '/home/daniil/.dbt', 'fail_fast': 'False', 'use_colors': 'True', 'use_experimental_parser': 'False', 'no_print': 'None', 'quiet': 'False', 'empty': 'None', 'log_format': 'default', 'introspect': 'True', 'invocation_command': 'dbt debug', 'warn_error_options': 'WarnErrorOptions(include=[], exclude=[])', 'target_path': 'None', 'static_parser': 'True', 'send_anonymous_usage_stats': 'True'}
[0m15:25:59.611190 [info ] [MainThread]: dbt version: 1.9.2
[0m15:25:59.611476 [info ] [MainThread]: python version: 3.11.10
[0m15:25:59.611719 [info ] [MainThread]: python path: /home/daniil/project/spanflug_test_tasks/venv/bin/python3.11
[0m15:25:59.611922 [info ] [MainThread]: os info: Linux-5.15.167.4-microsoft-standard-WSL2-x86_64-with-glibc2.35
[0m15:25:59.648393 [info ] [MainThread]: Using profiles dir at /home/daniil/.dbt
[0m15:25:59.648822 [info ] [MainThread]: Using profiles.yml file at /home/daniil/.dbt/profiles.yml
[0m15:25:59.649072 [info ] [MainThread]: Using dbt_project.yml file at /home/daniil/project/spanflug_test_tasks/dbt_project.yml
[0m15:25:59.649392 [info ] [MainThread]: adapter type: postgres
[0m15:25:59.649603 [info ] [MainThread]: adapter version: 1.9.0
[0m15:25:59.649801 [info ] [MainThread]: Configuration:
[0m15:25:59.649978 [info ] [MainThread]:   profiles.yml file [[32mOK found and valid[0m]
[0m15:25:59.650152 [info ] [MainThread]:   dbt_project.yml file [[31mERROR not found[0m]
[0m15:25:59.650322 [info ] [MainThread]: Required dependencies:
[0m15:25:59.650513 [debug] [MainThread]: Executing "git --help"
[0m15:25:59.651846 [debug] [MainThread]: STDOUT: "b"usage: git [--version] [--help] [-C <path>] [-c <name>=<value>]\n           [--exec-path[=<path>]] [--html-path] [--man-path] [--info-path]\n           [-p | --paginate | -P | --no-pager] [--no-replace-objects] [--bare]\n           [--git-dir=<path>] [--work-tree=<path>] [--namespace=<name>]\n           [--super-prefix=<path>] [--config-env=<name>=<envvar>]\n           <command> [<args>]\n\nThese are common Git commands used in various situations:\n\nstart a working area (see also: git help tutorial)\n   clone     Clone a repository into a new directory\n   init      Create an empty Git repository or reinitialize an existing one\n\nwork on the current change (see also: git help everyday)\n   add       Add file contents to the index\n   mv        Move or rename a file, a directory, or a symlink\n   restore   Restore working tree files\n   rm        Remove files from the working tree and from the index\n\nexamine the history and state (see also: git help revisions)\n   bisect    Use binary search to find the commit that introduced a bug\n   diff      Show changes between commits, commit and working tree, etc\n   grep      Print lines matching a pattern\n   log       Show commit logs\n   show      Show various types of objects\n   status    Show the working tree status\n\ngrow, mark and tweak your common history\n   branch    List, create, or delete branches\n   commit    Record changes to the repository\n   merge     Join two or more development histories together\n   rebase    Reapply commits on top of another base tip\n   reset     Reset current HEAD to the specified state\n   switch    Switch branches\n   tag       Create, list, delete or verify a tag object signed with GPG\n\ncollaborate (see also: git help workflows)\n   fetch     Download objects and refs from another repository\n   pull      Fetch from and integrate with another repository or a local branch\n   push      Update remote refs along with associated objects\n\n'git help -a' and 'git help -g' list available subcommands and some\nconcept guides. See 'git help <command>' or 'git help <concept>'\nto read about a specific subcommand or concept.\nSee 'git help git' for an overview of the system.\n""
[0m15:25:59.652112 [debug] [MainThread]: STDERR: "b''"
[0m15:25:59.652291 [info ] [MainThread]:  - git [[32mOK found[0m]

[0m15:25:59.652484 [info ] [MainThread]: Connection:
[0m15:25:59.652669 [info ] [MainThread]:   host: daniil
[0m15:25:59.652841 [info ] [MainThread]:   port: 5432
[0m15:25:59.653009 [info ] [MainThread]:   user: daniil
[0m15:25:59.653175 [info ] [MainThread]:   database: daniil
[0m15:25:59.653341 [info ] [MainThread]:   schema: daniil
[0m15:25:59.653529 [info ] [MainThread]:   connect_timeout: 10
[0m15:25:59.653845 [info ] [MainThread]:   role: None
[0m15:25:59.654044 [info ] [MainThread]:   search_path: None
[0m15:25:59.654219 [info ] [MainThread]:   keepalives_idle: 0
[0m15:25:59.654392 [info ] [MainThread]:   sslmode: None
[0m15:25:59.654615 [info ] [MainThread]:   sslcert: None
[0m15:25:59.654814 [info ] [MainThread]:   sslkey: None
[0m15:25:59.654985 [info ] [MainThread]:   sslrootcert: None
[0m15:25:59.655156 [info ] [MainThread]:   application_name: dbt
[0m15:25:59.655325 [info ] [MainThread]:   retries: 1
[0m15:25:59.655676 [info ] [MainThread]: Registered adapter: postgres=1.9.0
[0m15:25:59.694086 [debug] [MainThread]: Acquiring new postgres connection 'debug'
[0m15:25:59.709363 [debug] [MainThread]: Using postgres connection "debug"
[0m15:25:59.709767 [debug] [MainThread]: On debug: select 1 as id
[0m15:25:59.709990 [debug] [MainThread]: Opening a new connection, currently in state init
[0m15:25:59.710612 [debug] [MainThread]: Postgres adapter: Got a retryable error when attempting to open a postgres connection.
1 attempts remaining. Retrying in 0 seconds.
Error:
connection to server at "daniil" (127.0.1.1), port 5432 failed: Connection refused
	Is the server running on that host and accepting TCP/IP connections?

[0m15:25:59.711295 [debug] [MainThread]: Postgres adapter: Error running SQL: select 1 as id
[0m15:25:59.711520 [debug] [MainThread]: Postgres adapter: Rolling back transaction.
[0m15:25:59.711726 [debug] [MainThread]: On debug: No close available on handle
[0m15:25:59.711921 [info ] [MainThread]:   Connection test: [[31mERROR[0m]

[0m15:25:59.712228 [info ] [MainThread]: [31m2 checks failed:[0m
[0m15:25:59.712428 [info ] [MainThread]: Project loading failed for the following reason:
 project path </home/daniil/project/spanflug_test_tasks/dbt_project.yml> not found

[0m15:25:59.712621 [info ] [MainThread]: dbt was unable to connect to the specified database.
The database returned the following error:

  >Database Error
  connection to server at "daniil" (127.0.1.1), port 5432 failed: Connection refused
  	Is the server running on that host and accepting TCP/IP connections?
  

Check your database credentials and try again. For more information, visit:
https://docs.getdbt.com/docs/configure-your-profile


[0m15:25:59.713332 [debug] [MainThread]: Resource report: {"command_name": "debug", "command_success": false, "command_wall_clock_time": 0.13986814, "process_in_blocks": "336", "process_kernel_time": 0.090015, "process_mem_max_rss": "103280", "process_out_blocks": "32", "process_user_time": 0.830144}
[0m15:25:59.713625 [debug] [MainThread]: Command `dbt debug` failed at 15:25:59.713554 after 0.14 seconds
[0m15:25:59.713853 [debug] [MainThread]: Connection 'debug' was properly closed.
[0m15:25:59.714075 [debug] [MainThread]: Sending event: {'category': 'dbt', 'action': 'invocation', 'label': 'end', 'context': [<snowplow_tracker.self_describing_json.SelfDescribingJson object at 0x7f20765cef50>, <snowplow_tracker.self_describing_json.SelfDescribingJson object at 0x7f207619fb90>, <snowplow_tracker.self_describing_json.SelfDescribingJson object at 0x7f2079d82990>]}
[0m15:25:59.714345 [debug] [MainThread]: Flushing usage events
[0m15:26:00.202727 [debug] [MainThread]: An error was encountered while trying to flush usage events
